build/app/intermediates/manifest_merge_blame_file/debug/manifest-merger-blame-debug-report.txt
1<?xml version="1.0" encoding="utf-8"?>
2<manifest xmlns:android="http://schemas.android.com/apk/res/android"
3    package="vn.com.fsoft.flutter_app_wh"
4    android:versionCode="1"
5    android:versionName="1.0.0" >
6
7    <uses-sdk
8        android:minSdkVersion="21"
9        android:targetSdkVersion="28" />
10    <!--
11         Flutter needs it to communicate with the running application
12         to allow setting breakpoints, to provide hot reload, etc.
13    -->
14    <uses-permission android:name="android.permission.INTERNET" />
14-->src\debug\AndroidManifest.xml:6:5-66
14-->src\debug\AndroidManifest.xml:6:22-64
15    <uses-permission android:name="android.permission.ACCESS_NETWORK_STATE" />
15-->[com.google.android.gms:play-services-measurement:17.2.0] AndroidManifest.xml:24:5-79
15-->[com.google.android.gms:play-services-measurement:17.2.0] AndroidManifest.xml:24:22-76
16    <uses-permission android:name="android.permission.WAKE_LOCK" />
16-->[com.google.android.gms:play-services-measurement:17.2.0] AndroidManifest.xml:25:5-68
16-->[com.google.android.gms:play-services-measurement:17.2.0] AndroidManifest.xml:25:22-65
17    <uses-permission android:name="com.google.android.finsky.permission.BIND_GET_INSTALL_REFERRER_SERVICE" /> <!-- Required by older versions of Google Play services to create IID tokens -->
17-->[com.google.android.gms:play-services-measurement:17.2.0] AndroidManifest.xml:26:5-110
17-->[com.google.android.gms:play-services-measurement:17.2.0] AndroidManifest.xml:26:22-107
18    <uses-permission android:name="com.google.android.c2dm.permission.RECEIVE" />
18-->[com.google.firebase:firebase-iid:19.0.0] AndroidManifest.xml:26:5-82
18-->[com.google.firebase:firebase-iid:19.0.0] AndroidManifest.xml:26:22-79
19    <!--
20 io.flutter.app.FlutterApplication is an android.app.Application that
21         calls FlutterMain.startInitialization(this); in its onCreate method.
22         In most cases you can leave this as-is, but you if you want to provide
23         additional functionality it is fine to subclass or reimplement
24         FlutterApplication and put your custom class here.
25    -->
26    <application
26-->src\main\AndroidManifest.xml:8:5-29:19
27        android:name="io.flutter.app.FlutterApplication"
27-->src\main\AndroidManifest.xml:9:9-57
28        android:appComponentFactory="androidx.core.app.CoreComponentFactory"
28-->[androidx.core:core:1.0.0] AndroidManifest.xml:22:18-86
29        android:debuggable="true"
30        android:icon="@mipmap/ic_launcher"
30-->src\main\AndroidManifest.xml:11:9-43
31        android:label="flutter_app_wh" >
31-->src\main\AndroidManifest.xml:10:9-39
32        <activity
32-->src\main\AndroidManifest.xml:12:9-23:20
33            android:name="vn.com.fsoft.flutter_app_wh.MainActivity"
33-->src\main\AndroidManifest.xml:13:13-41
34            android:configChanges="orientation|keyboardHidden|keyboard|screenSize|smallestScreenSize|locale|layoutDirection|fontScale|screenLayout|density|uiMode"
34-->src\main\AndroidManifest.xml:16:13-163
35            android:hardwareAccelerated="true"
35-->src\main\AndroidManifest.xml:17:13-47
36            android:launchMode="singleTop"
36-->src\main\AndroidManifest.xml:14:13-43
37            android:theme="@style/LaunchTheme"
37-->src\main\AndroidManifest.xml:15:13-47
38            android:windowSoftInputMode="adjustResize" >
38-->src\main\AndroidManifest.xml:18:13-55
39            <intent-filter>
39-->src\main\AndroidManifest.xml:19:13-22:29
40                <action android:name="android.intent.action.MAIN" />
40-->src\main\AndroidManifest.xml:20:17-68
40-->src\main\AndroidManifest.xml:20:25-66
41
42                <category android:name="android.intent.category.LAUNCHER" />
42-->src\main\AndroidManifest.xml:21:17-76
42-->src\main\AndroidManifest.xml:21:27-74
43            </intent-filter>
44        </activity>
45        <!--
46             Don't delete the meta-data below.
47             This is used by the Flutter tool to generate GeneratedPluginRegistrant.java
48        -->
49        <meta-data
49-->src\main\AndroidManifest.xml:26:9-28:33
50            android:name="flutterEmbedding"
50-->src\main\AndroidManifest.xml:27:13-44
51            android:value="2" />
51-->src\main\AndroidManifest.xml:28:13-30
52
53        <service
53-->[:firebase_core] AndroidManifest.xml:8:9-12:19
54            android:name="com.google.firebase.components.ComponentDiscoveryService"
54-->[:firebase_core] AndroidManifest.xml:8:18-89
55            android:exported="false" >
55-->[com.google.android.gms:play-services-measurement-api:17.2.0] AndroidManifest.xml:29:13-37
56            <meta-data
56-->[:firebase_core] AndroidManifest.xml:9:13-11:85
57                android:name="com.google.firebase.components:io.flutter.plugins.firebase.core.FlutterFirebaseAppRegistrar"
57-->[:firebase_core] AndroidManifest.xml:10:17-123
58                android:value="com.google.firebase.components.ComponentRegistrar" />
58-->[:firebase_core] AndroidManifest.xml:11:17-82
59            <meta-data
59-->[com.google.android.gms:play-services-measurement-api:17.2.0] AndroidManifest.xml:30:13-32:85
60                android:name="com.google.firebase.components:com.google.firebase.analytics.connector.internal.AnalyticsConnectorRegistrar"
60-->[com.google.android.gms:play-services-measurement-api:17.2.0] AndroidManifest.xml:31:17-139
61                android:value="com.google.firebase.components.ComponentRegistrar" />
61-->[com.google.android.gms:play-services-measurement-api:17.2.0] AndroidManifest.xml:32:17-82
62            <meta-data
62-->[com.google.firebase:firebase-auth:17.0.0] AndroidManifest.xml:36:13-38:85
63                android:name="com.google.firebase.components:com.google.firebase.auth.FirebaseAuthRegistrar"
63-->[com.google.firebase:firebase-auth:17.0.0] AndroidManifest.xml:37:17-109
64                android:value="com.google.firebase.components.ComponentRegistrar" />
64-->[com.google.firebase:firebase-auth:17.0.0] AndroidManifest.xml:38:17-82
65            <meta-data
65-->[com.google.firebase:firebase-firestore:19.0.0] AndroidManifest.xml:18:13-20:85
66                android:name="com.google.firebase.components:com.google.firebase.firestore.FirestoreRegistrar"
66-->[com.google.firebase:firebase-firestore:19.0.0] AndroidManifest.xml:19:17-111
67                android:value="com.google.firebase.components.ComponentRegistrar" />
67-->[com.google.firebase:firebase-firestore:19.0.0] AndroidManifest.xml:20:17-82
68            <meta-data
68-->[com.google.firebase:firebase-iid:19.0.0] AndroidManifest.xml:32:13-34:85
69                android:name="com.google.firebase.components:com.google.firebase.iid.Registrar"
69-->[com.google.firebase:firebase-iid:19.0.0] AndroidManifest.xml:33:17-96
70                android:value="com.google.firebase.components.ComponentRegistrar" />
70-->[com.google.firebase:firebase-iid:19.0.0] AndroidManifest.xml:34:17-82
71        </service>
72
73        <receiver
73-->[com.google.android.gms:play-services-measurement:17.2.0] AndroidManifest.xml:29:9-33:20
74            android:name="com.google.android.gms.measurement.AppMeasurementReceiver"
74-->[com.google.android.gms:play-services-measurement:17.2.0] AndroidManifest.xml:30:13-85
75            android:enabled="true"
75-->[com.google.android.gms:play-services-measurement:17.2.0] AndroidManifest.xml:31:13-35
76            android:exported="false" >
76-->[com.google.android.gms:play-services-measurement:17.2.0] AndroidManifest.xml:32:13-37
77        </receiver>
78        <receiver
78-->[com.google.android.gms:play-services-measurement:17.2.0] AndroidManifest.xml:34:9-42:20
79            android:name="com.google.android.gms.measurement.AppMeasurementInstallReferrerReceiver"
79-->[com.google.android.gms:play-services-measurement:17.2.0] AndroidManifest.xml:35:13-100
80            android:enabled="true"
80-->[com.google.android.gms:play-services-measurement:17.2.0] AndroidManifest.xml:36:13-35
81            android:exported="true"
81-->[com.google.android.gms:play-services-measurement:17.2.0] AndroidManifest.xml:37:13-36
82            android:permission="android.permission.INSTALL_PACKAGES" >
82-->[com.google.android.gms:play-services-measurement:17.2.0] AndroidManifest.xml:38:13-69
83            <intent-filter>
83-->[com.google.android.gms:play-services-measurement:17.2.0] AndroidManifest.xml:39:13-41:29
84                <action android:name="com.android.vending.INSTALL_REFERRER" />
84-->[com.google.android.gms:play-services-measurement:17.2.0] AndroidManifest.xml:40:17-79
84-->[com.google.android.gms:play-services-measurement:17.2.0] AndroidManifest.xml:40:25-76
85            </intent-filter>
86        </receiver>
87
88        <service
88-->[com.google.android.gms:play-services-measurement:17.2.0] AndroidManifest.xml:44:9-47:40
89            android:name="com.google.android.gms.measurement.AppMeasurementService"
89-->[com.google.android.gms:play-services-measurement:17.2.0] AndroidManifest.xml:45:13-84
90            android:enabled="true"
90-->[com.google.android.gms:play-services-measurement:17.2.0] AndroidManifest.xml:46:13-35
91            android:exported="false" />
91-->[com.google.android.gms:play-services-measurement:17.2.0] AndroidManifest.xml:47:13-37
92        <service
92-->[com.google.android.gms:play-services-measurement:17.2.0] AndroidManifest.xml:48:9-52:72
93            android:name="com.google.android.gms.measurement.AppMeasurementJobService"
93-->[com.google.android.gms:play-services-measurement:17.2.0] AndroidManifest.xml:49:13-87
94            android:enabled="true"
94-->[com.google.android.gms:play-services-measurement:17.2.0] AndroidManifest.xml:50:13-35
95            android:exported="false"
95-->[com.google.android.gms:play-services-measurement:17.2.0] AndroidManifest.xml:51:13-37
96            android:permission="android.permission.BIND_JOB_SERVICE" />
96-->[com.google.android.gms:play-services-measurement:17.2.0] AndroidManifest.xml:52:13-69
97
98        <activity
98-->[com.google.firebase:firebase-auth:17.0.0] AndroidManifest.xml:24:9-31:50
99            android:name="com.google.firebase.auth.internal.FederatedSignInActivity"
99-->[com.google.firebase:firebase-auth:17.0.0] AndroidManifest.xml:25:13-85
100            android:excludeFromRecents="true"
100-->[com.google.firebase:firebase-auth:17.0.0] AndroidManifest.xml:26:13-46
101            android:exported="true"
101-->[com.google.firebase:firebase-auth:17.0.0] AndroidManifest.xml:27:13-36
102            android:launchMode="singleTask"
102-->[com.google.firebase:firebase-auth:17.0.0] AndroidManifest.xml:28:13-44
103            android:permission="com.google.firebase.auth.api.gms.permission.LAUNCH_FEDERATED_SIGN_IN"
103-->[com.google.firebase:firebase-auth:17.0.0] AndroidManifest.xml:29:13-102
104            android:theme="@android:style/Theme.Translucent.NoTitleBar" />
104-->[com.google.firebase:firebase-auth:17.0.0] AndroidManifest.xml:30:13-72
105
106        <receiver
106-->[com.google.firebase:firebase-iid:19.0.0] AndroidManifest.xml:37:9-44:20
107            android:name="com.google.firebase.iid.FirebaseInstanceIdReceiver"
107-->[com.google.firebase:firebase-iid:19.0.0] AndroidManifest.xml:38:13-78
108            android:exported="true"
108-->[com.google.firebase:firebase-iid:19.0.0] AndroidManifest.xml:39:13-36
109            android:permission="com.google.android.c2dm.permission.SEND" >
109-->[com.google.firebase:firebase-iid:19.0.0] AndroidManifest.xml:40:13-73
110            <intent-filter>
110-->[com.google.firebase:firebase-iid:19.0.0] AndroidManifest.xml:41:13-43:29
111                <action android:name="com.google.android.c2dm.intent.RECEIVE" />
111-->[com.google.firebase:firebase-iid:19.0.0] AndroidManifest.xml:42:17-81
111-->[com.google.firebase:firebase-iid:19.0.0] AndroidManifest.xml:42:25-78
112            </intent-filter>
113        </receiver>
114
115        <provider
115-->[com.google.firebase:firebase-common:19.0.0] AndroidManifest.xml:12:9-16:39
116            android:name="com.google.firebase.provider.FirebaseInitProvider"
116-->[com.google.firebase:firebase-common:19.0.0] AndroidManifest.xml:13:13-77
117            android:authorities="vn.com.fsoft.flutter_app_wh.firebaseinitprovider"
117-->[com.google.firebase:firebase-common:19.0.0] AndroidManifest.xml:14:13-72
118            android:exported="false"
118-->[com.google.firebase:firebase-common:19.0.0] AndroidManifest.xml:15:13-37
119            android:initOrder="100" />
119-->[com.google.firebase:firebase-common:19.0.0] AndroidManifest.xml:16:13-36
120
121        <activity
121-->[com.google.android.gms:play-services-base:17.0.0] AndroidManifest.xml:23:9-26:75
122            android:name="com.google.android.gms.common.api.GoogleApiActivity"
122-->[com.google.android.gms:play-services-base:17.0.0] AndroidManifest.xml:24:13-79
123            android:exported="false"
123-->[com.google.android.gms:play-services-base:17.0.0] AndroidManifest.xml:25:13-37
124            android:theme="@android:style/Theme.Translucent.NoTitleBar" />
124-->[com.google.android.gms:play-services-base:17.0.0] AndroidManifest.xml:26:13-72
125
126        <meta-data
126-->[com.google.android.gms:play-services-basement:17.0.0] AndroidManifest.xml:23:9-25:69
127            android:name="com.google.android.gms.version"
127-->[com.google.android.gms:play-services-basement:17.0.0] AndroidManifest.xml:24:13-58
128            android:value="@integer/google_play_services_version" />
128-->[com.google.android.gms:play-services-basement:17.0.0] AndroidManifest.xml:25:13-66
129    </application>
130
131</manifest>